ARM GAS  C:\Users\saman\AppData\Local\Temp\ccdYvnxo.s 			page 1


   1              		.syntax unified
   2              		.cpu cortex-m3
   3              		.fpu softvfp
   4              		.eabi_attribute 20, 1
   5              		.eabi_attribute 21, 1
   6              		.eabi_attribute 23, 3
   7              		.eabi_attribute 24, 1
   8              		.eabi_attribute 25, 1
   9              		.eabi_attribute 26, 1
  10              		.eabi_attribute 30, 1
  11              		.eabi_attribute 34, 1
  12              		.eabi_attribute 18, 4
  13              		.thumb
  14              		.syntax unified
  15              		.file	"cymetadata.c"
  16              		.text
  17              	.Ltext0:
  18              		.cfi_sections	.debug_frame
  19              		.global	cy_metadata
  20              		.global	cy_meta_flashprotect
  21              		.global	cy_meta_wonvl
  22              		.global	cy_meta_custnvl
  23              		.global	cy_meta_configecc
  24              		.section	.cyconfigecc,"a",%progbits
  25              		.align	2
  26              		.type	cy_meta_configecc, %object
  27              		.size	cy_meta_configecc, 1124
  28              	cy_meta_configecc:
  29 0000 01       		.byte	1
  30 0001 45       		.byte	69
  31 0002 00       		.byte	0
  32 0003 40       		.byte	64
  33 0004 01       		.byte	1
  34 0005 52       		.byte	82
  35 0006 00       		.byte	0
  36 0007 40       		.byte	64
  37 0008 01       		.byte	1
  38 0009 5A       		.byte	90
  39 000a 00       		.byte	0
  40 000b 40       		.byte	64
  41 000c 03       		.byte	3
  42 000d 64       		.byte	100
  43 000e 00       		.byte	0
  44 000f 40       		.byte	64
  45 0010 01       		.byte	1
  46 0011 01       		.byte	1
  47 0012 01       		.byte	1
  48 0013 40       		.byte	64
  49 0014 01       		.byte	1
  50 0015 03       		.byte	3
  51 0016 01       		.byte	1
  52 0017 40       		.byte	64
  53 0018 02       		.byte	2
  54 0019 09       		.byte	9
  55 001a 01       		.byte	1
  56 001b 40       		.byte	64
  57 001c 42       		.byte	66
ARM GAS  C:\Users\saman\AppData\Local\Temp\ccdYvnxo.s 			page 2


  58 001d 0A       		.byte	10
  59 001e 01       		.byte	1
  60 001f 40       		.byte	64
  61 0020 3D       		.byte	61
  62 0021 0B       		.byte	11
  63 0022 01       		.byte	1
  64 0023 40       		.byte	64
  65 0024 52       		.byte	82
  66 0025 0C       		.byte	12
  67 0026 01       		.byte	1
  68 0027 40       		.byte	64
  69 0028 43       		.byte	67
  70 0029 0D       		.byte	13
  71 002a 01       		.byte	1
  72 002b 40       		.byte	64
  73 002c 5F       		.byte	95
  74 002d 0E       		.byte	14
  75 002e 01       		.byte	1
  76 002f 40       		.byte	64
  77 0030 32       		.byte	50
  78 0031 0F       		.byte	15
  79 0032 01       		.byte	1
  80 0033 40       		.byte	64
  81 0034 01       		.byte	1
  82 0035 17       		.byte	23
  83 0036 01       		.byte	1
  84 0037 40       		.byte	64
  85 0038 01       		.byte	1
  86 0039 19       		.byte	25
  87 003a 01       		.byte	1
  88 003b 40       		.byte	64
  89 003c 04       		.byte	4
  90 003d 1A       		.byte	26
  91 003e 01       		.byte	1
  92 003f 40       		.byte	64
  93 0040 02       		.byte	2
  94 0041 1B       		.byte	27
  95 0042 01       		.byte	1
  96 0043 40       		.byte	64
  97 0044 05       		.byte	5
  98 0045 40       		.byte	64
  99 0046 01       		.byte	1
 100 0047 40       		.byte	64
 101 0048 04       		.byte	4
 102 0049 41       		.byte	65
 103 004a 01       		.byte	1
 104 004b 40       		.byte	64
 105 004c 01       		.byte	1
 106 004d 42       		.byte	66
 107 004e 01       		.byte	1
 108 004f 40       		.byte	64
 109 0050 01       		.byte	1
 110 0051 43       		.byte	67
 111 0052 01       		.byte	1
 112 0053 40       		.byte	64
 113 0054 06       		.byte	6
 114 0055 44       		.byte	68
ARM GAS  C:\Users\saman\AppData\Local\Temp\ccdYvnxo.s 			page 3


 115 0056 01       		.byte	1
 116 0057 40       		.byte	64
 117 0058 05       		.byte	5
 118 0059 45       		.byte	69
 119 005a 01       		.byte	1
 120 005b 40       		.byte	64
 121 005c 06       		.byte	6
 122 005d 46       		.byte	70
 123 005e 01       		.byte	1
 124 005f 40       		.byte	64
 125 0060 02       		.byte	2
 126 0061 47       		.byte	71
 127 0062 01       		.byte	1
 128 0063 40       		.byte	64
 129 0064 06       		.byte	6
 130 0065 48       		.byte	72
 131 0066 01       		.byte	1
 132 0067 40       		.byte	64
 133 0068 03       		.byte	3
 134 0069 4C       		.byte	76
 135 006a 01       		.byte	1
 136 006b 40       		.byte	64
 137 006c 03       		.byte	3
 138 006d 4D       		.byte	77
 139 006e 01       		.byte	1
 140 006f 40       		.byte	64
 141 0070 03       		.byte	3
 142 0071 50       		.byte	80
 143 0072 01       		.byte	1
 144 0073 40       		.byte	64
 145 0074 02       		.byte	2
 146 0075 51       		.byte	81
 147 0076 01       		.byte	1
 148 0077 40       		.byte	64
 149 0078 17       		.byte	23
 150 0079 02       		.byte	2
 151 007a 14       		.byte	20
 152 007b 01       		.byte	1
 153 007c 87       		.byte	-121
 154 007d 01       		.byte	1
 155 007e 8A       		.byte	-118
 156 007f 72       		.byte	114
 157 0080 8C       		.byte	-116
 158 0081 38       		.byte	56
 159 0082 8D       		.byte	-115
 160 0083 0F       		.byte	15
 161 0084 E0       		.byte	-32
 162 0085 40       		.byte	64
 163 0086 E6       		.byte	-26
 164 0087 02       		.byte	2
 165 0088 B4       		.byte	-76
 166 0089 40       		.byte	64
 167 008a B5       		.byte	-75
 168 008b 10       		.byte	16
 169 008c 01       		.byte	1
 170 008d 0E       		.byte	14
 171 008e 05       		.byte	5
ARM GAS  C:\Users\saman\AppData\Local\Temp\ccdYvnxo.s 			page 4


 172 008f 0C       		.byte	12
 173 0090 09       		.byte	9
 174 0091 04       		.byte	4
 175 0092 0C       		.byte	12
 176 0093 01       		.byte	1
 177 0094 0D       		.byte	13
 178 0095 02       		.byte	2
 179 0096 0F       		.byte	15
 180 0097 0C       		.byte	12
 181 0098 14       		.byte	20
 182 0099 01       		.byte	1
 183 009a 15       		.byte	21
 184 009b 01       		.byte	1
 185 009c 19       		.byte	25
 186 009d 01       		.byte	1
 187 009e 1D       		.byte	29
 188 009f 01       		.byte	1
 189 00a0 21       		.byte	33
 190 00a1 08       		.byte	8
 191 00a2 24       		.byte	36
 192 00a3 01       		.byte	1
 193 00a4 25       		.byte	37
 194 00a5 0C       		.byte	12
 195 00a6 27       		.byte	39
 196 00a7 02       		.byte	2
 197 00a8 28       		.byte	40
 198 00a9 01       		.byte	1
 199 00aa 29       		.byte	41
 200 00ab 0C       		.byte	12
 201 00ac 2B       		.byte	43
 202 00ad 02       		.byte	2
 203 00ae 2F       		.byte	47
 204 00af 02       		.byte	2
 205 00b0 30       		.byte	48
 206 00b1 01       		.byte	1
 207 00b2 31       		.byte	49
 208 00b3 01       		.byte	1
 209 00b4 33       		.byte	51
 210 00b5 0E       		.byte	14
 211 00b6 3B       		.byte	59
 212 00b7 08       		.byte	8
 213 00b8 3E       		.byte	62
 214 00b9 01       		.byte	1
 215 00ba 56       		.byte	86
 216 00bb 02       		.byte	2
 217 00bc 57       		.byte	87
 218 00bd 13       		.byte	19
 219 00be 58       		.byte	88
 220 00bf 04       		.byte	4
 221 00c0 59       		.byte	89
 222 00c1 04       		.byte	4
 223 00c2 5B       		.byte	91
 224 00c3 04       		.byte	4
 225 00c4 5C       		.byte	92
 226 00c5 10       		.byte	16
 227 00c6 5D       		.byte	93
 228 00c7 10       		.byte	16
ARM GAS  C:\Users\saman\AppData\Local\Temp\ccdYvnxo.s 			page 5


 229 00c8 5F       		.byte	95
 230 00c9 01       		.byte	1
 231 00ca 81       		.byte	-127
 232 00cb 08       		.byte	8
 233 00cc 84       		.byte	-124
 234 00cd 06       		.byte	6
 235 00ce 85       		.byte	-123
 236 00cf 04       		.byte	4
 237 00d0 88       		.byte	-120
 238 00d1 01       		.byte	1
 239 00d2 89       		.byte	-119
 240 00d3 0C       		.byte	12
 241 00d4 8A       		.byte	-118
 242 00d5 06       		.byte	6
 243 00d6 8C       		.byte	-116
 244 00d7 07       		.byte	7
 245 00d8 8D       		.byte	-115
 246 00d9 FF       		.byte	-1
 247 00da 92       		.byte	-110
 248 00db 01       		.byte	1
 249 00dc 93       		.byte	-109
 250 00dd 20       		.byte	32
 251 00de 94       		.byte	-108
 252 00df 06       		.byte	6
 253 00e0 95       		.byte	-107
 254 00e1 02       		.byte	2
 255 00e2 96       		.byte	-106
 256 00e3 01       		.byte	1
 257 00e4 98       		.byte	-104
 258 00e5 07       		.byte	7
 259 00e6 99       		.byte	-103
 260 00e7 F3       		.byte	-13
 261 00e8 9B       		.byte	-101
 262 00e9 0C       		.byte	12
 263 00ea 9C       		.byte	-100
 264 00eb 04       		.byte	4
 265 00ec 9F       		.byte	-97
 266 00ed C3       		.byte	-61
 267 00ee A1       		.byte	-95
 268 00ef 03       		.byte	3
 269 00f0 A5       		.byte	-91
 270 00f1 2C       		.byte	44
 271 00f2 A7       		.byte	-89
 272 00f3 93       		.byte	-109
 273 00f4 A8       		.byte	-88
 274 00f5 02       		.byte	2
 275 00f6 A9       		.byte	-87
 276 00f7 2F       		.byte	47
 277 00f8 AB       		.byte	-85
 278 00f9 50       		.byte	80
 279 00fa AD       		.byte	-83
 280 00fb 21       		.byte	33
 281 00fc B2       		.byte	-78
 282 00fd 07       		.byte	7
 283 00fe B3       		.byte	-77
 284 00ff EC       		.byte	-20
 285 0100 B5       		.byte	-75
ARM GAS  C:\Users\saman\AppData\Local\Temp\ccdYvnxo.s 			page 6


 286 0101 0F       		.byte	15
 287 0102 B7       		.byte	-73
 288 0103 10       		.byte	16
 289 0104 B9       		.byte	-71
 290 0105 80       		.byte	-128
 291 0106 BB       		.byte	-69
 292 0107 28       		.byte	40
 293 0108 D8       		.byte	-40
 294 0109 04       		.byte	4
 295 010a D9       		.byte	-39
 296 010b 04       		.byte	4
 297 010c DC       		.byte	-36
 298 010d 11       		.byte	17
 299 010e DF       		.byte	-33
 300 010f 01       		.byte	1
 301 0110 00       		.byte	0
 302 0111 80       		.byte	-128
 303 0112 02       		.byte	2
 304 0113 01       		.byte	1
 305 0114 06       		.byte	6
 306 0115 25       		.byte	37
 307 0116 08       		.byte	8
 308 0117 04       		.byte	4
 309 0118 09       		.byte	9
 310 0119 08       		.byte	8
 311 011a 0C       		.byte	12
 312 011b 11       		.byte	17
 313 011c 0D       		.byte	13
 314 011d 02       		.byte	2
 315 011e 0E       		.byte	14
 316 011f 81       		.byte	-127
 317 0120 0F       		.byte	15
 318 0121 10       		.byte	16
 319 0122 10       		.byte	16
 320 0123 10       		.byte	16
 321 0124 11       		.byte	17
 322 0125 28       		.byte	40
 323 0126 12       		.byte	18
 324 0127 04       		.byte	4
 325 0128 16       		.byte	22
 326 0129 08       		.byte	8
 327 012a 19       		.byte	25
 328 012b 01       		.byte	1
 329 012c 1F       		.byte	31
 330 012d 08       		.byte	8
 331 012e 21       		.byte	33
 332 012f 0A       		.byte	10
 333 0130 23       		.byte	35
 334 0131 10       		.byte	16
 335 0132 25       		.byte	37
 336 0133 54       		.byte	84
 337 0134 26       		.byte	38
 338 0135 10       		.byte	16
 339 0136 28       		.byte	40
 340 0137 15       		.byte	21
 341 0138 2A       		.byte	42
 342 0139 02       		.byte	2
ARM GAS  C:\Users\saman\AppData\Local\Temp\ccdYvnxo.s 			page 7


 343 013a 2C       		.byte	44
 344 013b 14       		.byte	20
 345 013c 2F       		.byte	47
 346 013d 81       		.byte	-127
 347 013e 30       		.byte	48
 348 013f 08       		.byte	8
 349 0140 32       		.byte	50
 350 0141 40       		.byte	64
 351 0142 33       		.byte	51
 352 0143 10       		.byte	16
 353 0144 36       		.byte	54
 354 0145 54       		.byte	84
 355 0146 37       		.byte	55
 356 0147 01       		.byte	1
 357 0148 38       		.byte	56
 358 0149 A8       		.byte	-88
 359 014a 3A       		.byte	58
 360 014b 01       		.byte	1
 361 014c 3C       		.byte	60
 362 014d 80       		.byte	-128
 363 014e 3E       		.byte	62
 364 014f 29       		.byte	41
 365 0150 59       		.byte	89
 366 0151 01       		.byte	1
 367 0152 68       		.byte	104
 368 0153 08       		.byte	8
 369 0154 6A       		.byte	106
 370 0155 84       		.byte	-124
 371 0156 6B       		.byte	107
 372 0157 10       		.byte	16
 373 0158 70       		.byte	112
 374 0159 14       		.byte	20
 375 015a 72       		.byte	114
 376 015b 2B       		.byte	43
 377 015c 93       		.byte	-109
 378 015d 02       		.byte	2
 379 015e 96       		.byte	-106
 380 015f 04       		.byte	4
 381 0160 97       		.byte	-105
 382 0161 10       		.byte	16
 383 0162 9B       		.byte	-101
 384 0163 01       		.byte	1
 385 0164 9F       		.byte	-97
 386 0165 10       		.byte	16
 387 0166 A0       		.byte	-96
 388 0167 40       		.byte	64
 389 0168 A2       		.byte	-94
 390 0169 04       		.byte	4
 391 016a A3       		.byte	-93
 392 016b 80       		.byte	-128
 393 016c A4       		.byte	-92
 394 016d 08       		.byte	8
 395 016e A5       		.byte	-91
 396 016f 56       		.byte	86
 397 0170 A7       		.byte	-89
 398 0171 08       		.byte	8
 399 0172 AC       		.byte	-84
ARM GAS  C:\Users\saman\AppData\Local\Temp\ccdYvnxo.s 			page 8


 400 0173 04       		.byte	4
 401 0174 B0       		.byte	-80
 402 0175 48       		.byte	72
 403 0176 B5       		.byte	-75
 404 0177 02       		.byte	2
 405 0178 B7       		.byte	-73
 406 0179 01       		.byte	1
 407 017a C0       		.byte	-64
 408 017b E1       		.byte	-31
 409 017c C2       		.byte	-62
 410 017d F4       		.byte	-12
 411 017e C4       		.byte	-60
 412 017f 46       		.byte	70
 413 0180 CA       		.byte	-54
 414 0181 FF       		.byte	-1
 415 0182 CC       		.byte	-52
 416 0183 FE       		.byte	-2
 417 0184 CE       		.byte	-50
 418 0185 FF       		.byte	-1
 419 0186 D6       		.byte	-42
 420 0187 01       		.byte	1
 421 0188 EC       		.byte	-20
 422 0189 02       		.byte	2
 423 018a 03       		.byte	3
 424 018b 30       		.byte	48
 425 018c 07       		.byte	7
 426 018d 30       		.byte	48
 427 018e 0B       		.byte	11
 428 018f 30       		.byte	48
 429 0190 0F       		.byte	15
 430 0191 40       		.byte	64
 431 0192 11       		.byte	17
 432 0193 30       		.byte	48
 433 0194 15       		.byte	21
 434 0195 22       		.byte	34
 435 0196 17       		.byte	23
 436 0197 05       		.byte	5
 437 0198 19       		.byte	25
 438 0199 30       		.byte	48
 439 019a 1B       		.byte	27
 440 019b 08       		.byte	8
 441 019c 1D       		.byte	29
 442 019d 30       		.byte	48
 443 019e 23       		.byte	35
 444 019f 40       		.byte	64
 445 01a0 25       		.byte	37
 446 01a1 03       		.byte	3
 447 01a2 29       		.byte	41
 448 01a3 03       		.byte	3
 449 01a4 2D       		.byte	45
 450 01a5 11       		.byte	17
 451 01a6 2F       		.byte	47
 452 01a7 06       		.byte	6
 453 01a8 31       		.byte	49
 454 01a9 0C       		.byte	12
 455 01aa 33       		.byte	51
 456 01ab 40       		.byte	64
ARM GAS  C:\Users\saman\AppData\Local\Temp\ccdYvnxo.s 			page 9


 457 01ac 35       		.byte	53
 458 01ad 03       		.byte	3
 459 01ae 37       		.byte	55
 460 01af 30       		.byte	48
 461 01b0 3F       		.byte	63
 462 01b1 05       		.byte	5
 463 01b2 40       		.byte	64
 464 01b3 24       		.byte	36
 465 01b4 41       		.byte	65
 466 01b5 05       		.byte	5
 467 01b6 42       		.byte	66
 468 01b7 06       		.byte	6
 469 01b8 44       		.byte	68
 470 01b9 01       		.byte	1
 471 01ba 46       		.byte	70
 472 01bb C0       		.byte	-64
 473 01bc 47       		.byte	71
 474 01bd E0       		.byte	-32
 475 01be 48       		.byte	72
 476 01bf 28       		.byte	40
 477 01c0 49       		.byte	73
 478 01c1 FF       		.byte	-1
 479 01c2 4A       		.byte	74
 480 01c3 FF       		.byte	-1
 481 01c4 4B       		.byte	75
 482 01c5 FF       		.byte	-1
 483 01c6 4C       		.byte	76
 484 01c7 62       		.byte	98
 485 01c8 4D       		.byte	77
 486 01c9 A0       		.byte	-96
 487 01ca 4E       		.byte	78
 488 01cb F0       		.byte	-16
 489 01cc 4F       		.byte	79
 490 01cd 41       		.byte	65
 491 01ce 50       		.byte	80
 492 01cf 0C       		.byte	12
 493 01d0 54       		.byte	84
 494 01d1 18       		.byte	24
 495 01d2 56       		.byte	86
 496 01d3 04       		.byte	4
 497 01d4 59       		.byte	89
 498 01d5 04       		.byte	4
 499 01d6 5A       		.byte	90
 500 01d7 04       		.byte	4
 501 01d8 5B       		.byte	91
 502 01d9 04       		.byte	4
 503 01da 5C       		.byte	92
 504 01db 10       		.byte	16
 505 01dc 5D       		.byte	93
 506 01dd 11       		.byte	17
 507 01de 5F       		.byte	95
 508 01df 01       		.byte	1
 509 01e0 66       		.byte	102
 510 01e1 40       		.byte	64
 511 01e2 67       		.byte	103
 512 01e3 02       		.byte	2
 513 01e4 69       		.byte	105
ARM GAS  C:\Users\saman\AppData\Local\Temp\ccdYvnxo.s 			page 10


 514 01e5 10       		.byte	16
 515 01e6 6A       		.byte	106
 516 01e7 30       		.byte	48
 517 01e8 6B       		.byte	107
 518 01e9 10       		.byte	16
 519 01ea 6D       		.byte	109
 520 01eb 10       		.byte	16
 521 01ec 6E       		.byte	110
 522 01ed 10       		.byte	16
 523 01ee 6F       		.byte	111
 524 01ef 12       		.byte	18
 525 01f0 80       		.byte	-128
 526 01f1 01       		.byte	1
 527 01f2 85       		.byte	-123
 528 01f3 01       		.byte	1
 529 01f4 86       		.byte	-122
 530 01f5 02       		.byte	2
 531 01f6 88       		.byte	-120
 532 01f7 02       		.byte	2
 533 01f8 8B       		.byte	-117
 534 01f9 10       		.byte	16
 535 01fa 95       		.byte	-107
 536 01fb 06       		.byte	6
 537 01fc 97       		.byte	-105
 538 01fd 18       		.byte	24
 539 01fe 9B       		.byte	-101
 540 01ff 0A       		.byte	10
 541 0200 9C       		.byte	-100
 542 0201 02       		.byte	2
 543 0202 A1       		.byte	-95
 544 0203 06       		.byte	6
 545 0204 A3       		.byte	-93
 546 0205 08       		.byte	8
 547 0206 A5       		.byte	-91
 548 0207 06       		.byte	6
 549 0208 A6       		.byte	-90
 550 0209 02       		.byte	2
 551 020a A7       		.byte	-89
 552 020b 08       		.byte	8
 553 020c A9       		.byte	-87
 554 020d 14       		.byte	20
 555 020e AA       		.byte	-86
 556 020f 02       		.byte	2
 557 0210 AB       		.byte	-85
 558 0211 08       		.byte	8
 559 0212 B2       		.byte	-78
 560 0213 01       		.byte	1
 561 0214 B3       		.byte	-77
 562 0215 1E       		.byte	30
 563 0216 B5       		.byte	-75
 564 0217 01       		.byte	1
 565 0218 B6       		.byte	-74
 566 0219 02       		.byte	2
 567 021a BB       		.byte	-69
 568 021b 0A       		.byte	10
 569 021c BE       		.byte	-66
 570 021d 44       		.byte	68
ARM GAS  C:\Users\saman\AppData\Local\Temp\ccdYvnxo.s 			page 11


 571 021e BF       		.byte	-65
 572 021f 10       		.byte	16
 573 0220 D4       		.byte	-44
 574 0221 01       		.byte	1
 575 0222 D8       		.byte	-40
 576 0223 04       		.byte	4
 577 0224 D9       		.byte	-39
 578 0225 04       		.byte	4
 579 0226 DB       		.byte	-37
 580 0227 04       		.byte	4
 581 0228 DC       		.byte	-36
 582 0229 10       		.byte	16
 583 022a DD       		.byte	-35
 584 022b 10       		.byte	16
 585 022c DF       		.byte	-33
 586 022d 01       		.byte	1
 587 022e 01       		.byte	1
 588 022f 08       		.byte	8
 589 0230 02       		.byte	2
 590 0231 88       		.byte	-120
 591 0232 08       		.byte	8
 592 0233 80       		.byte	-128
 593 0234 0A       		.byte	10
 594 0235 01       		.byte	1
 595 0236 10       		.byte	16
 596 0237 14       		.byte	20
 597 0238 11       		.byte	17
 598 0239 14       		.byte	20
 599 023a 19       		.byte	25
 600 023b 44       		.byte	68
 601 023c 20       		.byte	32
 602 023d 88       		.byte	-120
 603 023e 22       		.byte	34
 604 023f 0B       		.byte	11
 605 0240 25       		.byte	37
 606 0241 08       		.byte	8
 607 0242 27       		.byte	39
 608 0243 4A       		.byte	74
 609 0244 28       		.byte	40
 610 0245 A4       		.byte	-92
 611 0246 29       		.byte	41
 612 0247 08       		.byte	8
 613 0248 2C       		.byte	44
 614 0249 08       		.byte	8
 615 024a 2E       		.byte	46
 616 024b 06       		.byte	6
 617 024c 2F       		.byte	47
 618 024d 01       		.byte	1
 619 024e 30       		.byte	48
 620 024f 10       		.byte	16
 621 0250 32       		.byte	50
 622 0251 08       		.byte	8
 623 0252 34       		.byte	52
 624 0253 40       		.byte	64
 625 0254 36       		.byte	54
 626 0255 16       		.byte	22
 627 0256 37       		.byte	55
ARM GAS  C:\Users\saman\AppData\Local\Temp\ccdYvnxo.s 			page 12


 628 0257 08       		.byte	8
 629 0258 39       		.byte	57
 630 0259 20       		.byte	32
 631 025a 3A       		.byte	58
 632 025b 04       		.byte	4
 633 025c 3D       		.byte	61
 634 025d 8A       		.byte	-118
 635 025e 3F       		.byte	63
 636 025f 10       		.byte	16
 637 0260 44       		.byte	68
 638 0261 08       		.byte	8
 639 0262 45       		.byte	69
 640 0263 1B       		.byte	27
 641 0264 46       		.byte	70
 642 0265 20       		.byte	32
 643 0266 47       		.byte	71
 644 0267 40       		.byte	64
 645 0268 4E       		.byte	78
 646 0269 05       		.byte	5
 647 026a 56       		.byte	86
 648 026b 02       		.byte	2
 649 026c 57       		.byte	87
 650 026d 20       		.byte	32
 651 026e 58       		.byte	88
 652 026f 20       		.byte	32
 653 0270 59       		.byte	89
 654 0271 45       		.byte	69
 655 0272 5F       		.byte	95
 656 0273 02       		.byte	2
 657 0274 65       		.byte	101
 658 0275 80       		.byte	-128
 659 0276 66       		.byte	102
 660 0277 20       		.byte	32
 661 0278 67       		.byte	103
 662 0279 40       		.byte	64
 663 027a 7E       		.byte	126
 664 027b 04       		.byte	4
 665 027c 7F       		.byte	127
 666 027d 08       		.byte	8
 667 027e 87       		.byte	-121
 668 027f 40       		.byte	64
 669 0280 8A       		.byte	-118
 670 0281 10       		.byte	16
 671 0282 8B       		.byte	-117
 672 0283 80       		.byte	-128
 673 0284 91       		.byte	-111
 674 0285 34       		.byte	52
 675 0286 92       		.byte	-110
 676 0287 01       		.byte	1
 677 0288 99       		.byte	-103
 678 0289 89       		.byte	-119
 679 028a 9A       		.byte	-102
 680 028b 04       		.byte	4
 681 028c 9B       		.byte	-101
 682 028d 01       		.byte	1
 683 028e 9D       		.byte	-99
 684 028f 02       		.byte	2
ARM GAS  C:\Users\saman\AppData\Local\Temp\ccdYvnxo.s 			page 13


 685 0290 9F       		.byte	-97
 686 0291 18       		.byte	24
 687 0292 A2       		.byte	-94
 688 0293 90       		.byte	-112
 689 0294 A4       		.byte	-92
 690 0295 08       		.byte	8
 691 0296 A6       		.byte	-90
 692 0297 08       		.byte	8
 693 0298 A7       		.byte	-89
 694 0299 28       		.byte	40
 695 029a B2       		.byte	-78
 696 029b 12       		.byte	18
 697 029c B5       		.byte	-75
 698 029d 10       		.byte	16
 699 029e B6       		.byte	-74
 700 029f 80       		.byte	-128
 701 02a0 C0       		.byte	-64
 702 02a1 0E       		.byte	14
 703 02a2 C2       		.byte	-62
 704 02a3 01       		.byte	1
 705 02a4 C4       		.byte	-60
 706 02a5 06       		.byte	6
 707 02a6 CA       		.byte	-54
 708 02a7 F7       		.byte	-9
 709 02a8 CC       		.byte	-52
 710 02a9 F6       		.byte	-10
 711 02aa CE       		.byte	-50
 712 02ab F6       		.byte	-10
 713 02ac D0       		.byte	-48
 714 02ad B0       		.byte	-80
 715 02ae D2       		.byte	-46
 716 02af 30       		.byte	48
 717 02b0 D6       		.byte	-42
 718 02b1 8F       		.byte	-113
 719 02b2 D8       		.byte	-40
 720 02b3 B0       		.byte	-80
 721 02b4 00       		.byte	0
 722 02b5 0C       		.byte	12
 723 02b6 02       		.byte	2
 724 02b7 11       		.byte	17
 725 02b8 05       		.byte	5
 726 02b9 02       		.byte	2
 727 02ba 0A       		.byte	10
 728 02bb 03       		.byte	3
 729 02bc 0B       		.byte	11
 730 02bd 01       		.byte	1
 731 02be 14       		.byte	20
 732 02bf 14       		.byte	20
 733 02c0 15       		.byte	21
 734 02c1 01       		.byte	1
 735 02c2 18       		.byte	24
 736 02c3 1C       		.byte	28
 737 02c4 1A       		.byte	26
 738 02c5 02       		.byte	2
 739 02c6 24       		.byte	36
 740 02c7 09       		.byte	9
 741 02c8 26       		.byte	38
ARM GAS  C:\Users\saman\AppData\Local\Temp\ccdYvnxo.s 			page 14


 742 02c9 10       		.byte	16
 743 02ca 28       		.byte	40
 744 02cb 10       		.byte	16
 745 02cc 2A       		.byte	42
 746 02cd 0C       		.byte	12
 747 02ce 2C       		.byte	44
 748 02cf 10       		.byte	16
 749 02d0 2D       		.byte	45
 750 02d1 01       		.byte	1
 751 02d2 32       		.byte	50
 752 02d3 1F       		.byte	31
 753 02d4 35       		.byte	53
 754 02d5 03       		.byte	3
 755 02d6 39       		.byte	57
 756 02d7 20       		.byte	32
 757 02d8 40       		.byte	64
 758 02d9 62       		.byte	98
 759 02da 41       		.byte	65
 760 02db 01       		.byte	1
 761 02dc 45       		.byte	69
 762 02dd EC       		.byte	-20
 763 02de 47       		.byte	71
 764 02df 0B       		.byte	11
 765 02e0 48       		.byte	72
 766 02e1 13       		.byte	19
 767 02e2 49       		.byte	73
 768 02e3 FF       		.byte	-1
 769 02e4 4A       		.byte	74
 770 02e5 FF       		.byte	-1
 771 02e6 4B       		.byte	75
 772 02e7 FF       		.byte	-1
 773 02e8 4E       		.byte	78
 774 02e9 F0       		.byte	-16
 775 02ea 4F       		.byte	79
 776 02eb 44       		.byte	68
 777 02ec 50       		.byte	80
 778 02ed 0C       		.byte	12
 779 02ee 58       		.byte	88
 780 02ef 04       		.byte	4
 781 02f0 59       		.byte	89
 782 02f1 04       		.byte	4
 783 02f2 5A       		.byte	90
 784 02f3 04       		.byte	4
 785 02f4 5C       		.byte	92
 786 02f5 11       		.byte	17
 787 02f6 5D       		.byte	93
 788 02f7 01       		.byte	1
 789 02f8 5F       		.byte	95
 790 02f9 01       		.byte	1
 791 02fa 66       		.byte	102
 792 02fb C0       		.byte	-64
 793 02fc 6A       		.byte	106
 794 02fd 40       		.byte	64
 795 02fe 6B       		.byte	107
 796 02ff 02       		.byte	2
 797 0300 80       		.byte	-128
 798 0301 08       		.byte	8
ARM GAS  C:\Users\saman\AppData\Local\Temp\ccdYvnxo.s 			page 15


 799 0302 81       		.byte	-127
 800 0303 61       		.byte	97
 801 0304 82       		.byte	-126
 802 0305 10       		.byte	16
 803 0306 83       		.byte	-125
 804 0307 0E       		.byte	14
 805 0308 84       		.byte	-124
 806 0309 38       		.byte	56
 807 030a 87       		.byte	-121
 808 030b 23       		.byte	35
 809 030c 89       		.byte	-119
 810 030d 4C       		.byte	76
 811 030e 8A       		.byte	-118
 812 030f 01       		.byte	1
 813 0310 8B       		.byte	-117
 814 0311 03       		.byte	3
 815 0312 8E       		.byte	-114
 816 0313 02       		.byte	2
 817 0314 93       		.byte	-109
 818 0315 10       		.byte	16
 819 0316 94       		.byte	-108
 820 0317 38       		.byte	56
 821 0318 95       		.byte	-107
 822 0319 61       		.byte	97
 823 031a 97       		.byte	-105
 824 031b 06       		.byte	6
 825 031c 9A       		.byte	-102
 826 031d 05       		.byte	5
 827 031e 9B       		.byte	-101
 828 031f 0C       		.byte	12
 829 0320 9E       		.byte	-98
 830 0321 03       		.byte	3
 831 0322 9F       		.byte	-97
 832 0323 08       		.byte	8
 833 0324 A0       		.byte	-96
 834 0325 06       		.byte	6
 835 0326 A2       		.byte	-94
 836 0327 01       		.byte	1
 837 0328 A4       		.byte	-92
 838 0329 20       		.byte	32
 839 032a A6       		.byte	-90
 840 032b 10       		.byte	16
 841 032c A7       		.byte	-89
 842 032d 80       		.byte	-128
 843 032e AA       		.byte	-86
 844 032f 06       		.byte	6
 845 0330 AB       		.byte	-85
 846 0331 80       		.byte	-128
 847 0332 AC       		.byte	-84
 848 0333 10       		.byte	16
 849 0334 AE       		.byte	-82
 850 0335 28       		.byte	40
 851 0336 B1       		.byte	-79
 852 0337 80       		.byte	-128
 853 0338 B2       		.byte	-78
 854 0339 38       		.byte	56
 855 033a B3       		.byte	-77
ARM GAS  C:\Users\saman\AppData\Local\Temp\ccdYvnxo.s 			page 16


 856 033b 60       		.byte	96
 857 033c B5       		.byte	-75
 858 033d 0F       		.byte	15
 859 033e B6       		.byte	-74
 860 033f 07       		.byte	7
 861 0340 B7       		.byte	-73
 862 0341 10       		.byte	16
 863 0342 B9       		.byte	-71
 864 0343 08       		.byte	8
 865 0344 BA       		.byte	-70
 866 0345 80       		.byte	-128
 867 0346 BB       		.byte	-69
 868 0347 20       		.byte	32
 869 0348 BF       		.byte	-65
 870 0349 05       		.byte	5
 871 034a C0       		.byte	-64
 872 034b 02       		.byte	2
 873 034c C7       		.byte	-57
 874 034d 40       		.byte	64
 875 034e C9       		.byte	-55
 876 034f FF       		.byte	-1
 877 0350 CA       		.byte	-54
 878 0351 07       		.byte	7
 879 0352 CB       		.byte	-53
 880 0353 FF       		.byte	-1
 881 0354 CC       		.byte	-52
 882 0355 40       		.byte	64
 883 0356 CD       		.byte	-51
 884 0357 20       		.byte	32
 885 0358 CE       		.byte	-50
 886 0359 F0       		.byte	-16
 887 035a CF       		.byte	-49
 888 035b 05       		.byte	5
 889 035c D0       		.byte	-48
 890 035d 08       		.byte	8
 891 035e D8       		.byte	-40
 892 035f 04       		.byte	4
 893 0360 D9       		.byte	-39
 894 0361 04       		.byte	4
 895 0362 DA       		.byte	-38
 896 0363 04       		.byte	4
 897 0364 DC       		.byte	-36
 898 0365 11       		.byte	17
 899 0366 DD       		.byte	-35
 900 0367 01       		.byte	1
 901 0368 DF       		.byte	-33
 902 0369 01       		.byte	1
 903 036a E0       		.byte	-32
 904 036b 40       		.byte	64
 905 036c E1       		.byte	-31
 906 036d A8       		.byte	-88
 907 036e E2       		.byte	-30
 908 036f 40       		.byte	64
 909 0370 E3       		.byte	-29
 910 0371 20       		.byte	32
 911 0372 00       		.byte	0
 912 0373 12       		.byte	18
ARM GAS  C:\Users\saman\AppData\Local\Temp\ccdYvnxo.s 			page 17


 913 0374 01       		.byte	1
 914 0375 80       		.byte	-128
 915 0376 02       		.byte	2
 916 0377 06       		.byte	6
 917 0378 05       		.byte	5
 918 0379 02       		.byte	2
 919 037a 06       		.byte	6
 920 037b 09       		.byte	9
 921 037c 07       		.byte	7
 922 037d 10       		.byte	16
 923 037e 09       		.byte	9
 924 037f 18       		.byte	24
 925 0380 0C       		.byte	12
 926 0381 08       		.byte	8
 927 0382 0E       		.byte	14
 928 0383 09       		.byte	9
 929 0384 10       		.byte	16
 930 0385 10       		.byte	16
 931 0386 12       		.byte	18
 932 0387 09       		.byte	9
 933 0388 13       		.byte	19
 934 0389 84       		.byte	-124
 935 038a 15       		.byte	21
 936 038b 20       		.byte	32
 937 038c 16       		.byte	22
 938 038d 82       		.byte	-126
 939 038e 17       		.byte	23
 940 038f 08       		.byte	8
 941 0390 18       		.byte	24
 942 0391 10       		.byte	16
 943 0392 1C       		.byte	28
 944 0393 02       		.byte	2
 945 0394 1D       		.byte	29
 946 0395 40       		.byte	64
 947 0396 1E       		.byte	30
 948 0397 21       		.byte	33
 949 0398 21       		.byte	33
 950 0399 10       		.byte	16
 951 039a 23       		.byte	35
 952 039b 04       		.byte	4
 953 039c 25       		.byte	37
 954 039d 10       		.byte	16
 955 039e 26       		.byte	38
 956 039f 02       		.byte	2
 957 03a0 27       		.byte	39
 958 03a1 21       		.byte	33
 959 03a2 29       		.byte	41
 960 03a3 40       		.byte	64
 961 03a4 2F       		.byte	47
 962 03a5 28       		.byte	40
 963 03a6 32       		.byte	50
 964 03a7 08       		.byte	8
 965 03a8 34       		.byte	52
 966 03a9 10       		.byte	16
 967 03aa 35       		.byte	53
 968 03ab 02       		.byte	2
 969 03ac 36       		.byte	54
ARM GAS  C:\Users\saman\AppData\Local\Temp\ccdYvnxo.s 			page 18


 970 03ad 0C       		.byte	12
 971 03ae 37       		.byte	55
 972 03af 80       		.byte	-128
 973 03b0 39       		.byte	57
 974 03b1 10       		.byte	16
 975 03b2 3A       		.byte	58
 976 03b3 08       		.byte	8
 977 03b4 3D       		.byte	61
 978 03b5 34       		.byte	52
 979 03b6 3E       		.byte	62
 980 03b7 09       		.byte	9
 981 03b8 42       		.byte	66
 982 03b9 09       		.byte	9
 983 03ba 47       		.byte	71
 984 03bb 20       		.byte	32
 985 03bc 49       		.byte	73
 986 03bd 09       		.byte	9
 987 03be 4A       		.byte	74
 988 03bf 88       		.byte	-120
 989 03c0 51       		.byte	81
 990 03c1 08       		.byte	8
 991 03c2 56       		.byte	86
 992 03c3 09       		.byte	9
 993 03c4 C0       		.byte	-64
 994 03c5 FA       		.byte	-6
 995 03c6 C2       		.byte	-62
 996 03c7 E6       		.byte	-26
 997 03c8 C4       		.byte	-60
 998 03c9 F7       		.byte	-9
 999 03ca CA       		.byte	-54
 1000 03cb 68       		.byte	104
 1001 03cc CC       		.byte	-52
 1002 03cd F2       		.byte	-14
 1003 03ce CE       		.byte	-50
 1004 03cf E6       		.byte	-26
 1005 03d0 D0       		.byte	-48
 1006 03d1 2C       		.byte	44
 1007 03d2 D2       		.byte	-46
 1008 03d3 04       		.byte	4
 1009 03d4 E0       		.byte	-32
 1010 03d5 40       		.byte	64
 1011 03d6 EC       		.byte	-20
 1012 03d7 10       		.byte	16
 1013 03d8 EC       		.byte	-20
 1014 03d9 10       		.byte	16
 1015 03da B9       		.byte	-71
 1016 03db 02       		.byte	2
 1017 03dc BF       		.byte	-65
 1018 03dd 01       		.byte	1
 1019 03de D9       		.byte	-39
 1020 03df 04       		.byte	4
 1021 03e0 DF       		.byte	-33
 1022 03e1 01       		.byte	1
 1023 03e2 25       		.byte	37
 1024 03e3 01       		.byte	1
 1025 03e4 8D       		.byte	-115
 1026 03e5 01       		.byte	1
ARM GAS  C:\Users\saman\AppData\Local\Temp\ccdYvnxo.s 			page 19


 1027 03e6 32       		.byte	50
 1028 03e7 20       		.byte	32
 1029 03e8 3C       		.byte	60
 1030 03e9 40       		.byte	64
 1031 03ea 8C       		.byte	-116
 1032 03eb 40       		.byte	64
 1033 03ec CC       		.byte	-52
 1034 03ed 10       		.byte	16
 1035 03ee CE       		.byte	-50
 1036 03ef 20       		.byte	32
 1037 03f0 86       		.byte	-122
 1038 03f1 20       		.byte	32
 1039 03f2 94       		.byte	-108
 1040 03f3 40       		.byte	64
 1041 03f4 A6       		.byte	-90
 1042 03f5 20       		.byte	32
 1043 03f6 E6       		.byte	-26
 1044 03f7 40       		.byte	64
 1045 03f8 94       		.byte	-108
 1046 03f9 40       		.byte	64
 1047 03fa 94       		.byte	-108
 1048 03fb 40       		.byte	64
 1049 03fc 33       		.byte	51
 1050 03fd 80       		.byte	-128
 1051 03fe 7C       		.byte	124
 1052 03ff 02       		.byte	2
 1053 0400 8F       		.byte	-113
 1054 0401 80       		.byte	-128
 1055 0402 CC       		.byte	-52
 1056 0403 08       		.byte	8
 1057 0404 DE       		.byte	-34
 1058 0405 01       		.byte	1
 1059 0406 E0       		.byte	-32
 1060 0407 02       		.byte	2
 1061 0408 01       		.byte	1
 1062 0409 08       		.byte	8
 1063 040a 52       		.byte	82
 1064 040b 20       		.byte	32
 1065 040c 9C       		.byte	-100
 1066 040d 02       		.byte	2
 1067 040e C0       		.byte	-64
 1068 040f 08       		.byte	8
 1069 0410 D4       		.byte	-44
 1070 0411 04       		.byte	4
 1071 0412 45       		.byte	69
 1072 0413 02       		.byte	2
 1073 0414 9C       		.byte	-100
 1074 0415 02       		.byte	2
 1075 0416 AE       		.byte	-82
 1076 0417 20       		.byte	32
 1077 0418 B5       		.byte	-75
 1078 0419 08       		.byte	8
 1079 041a D0       		.byte	-48
 1080 041b 01       		.byte	1
 1081 041c EA       		.byte	-22
 1082 041d 02       		.byte	2
 1083 041e 9C       		.byte	-100
ARM GAS  C:\Users\saman\AppData\Local\Temp\ccdYvnxo.s 			page 20


 1084 041f 02       		.byte	2
 1085 0420 A5       		.byte	-91
 1086 0421 02       		.byte	2
 1087 0422 24       		.byte	36
 1088 0423 40       		.byte	64
 1089 0424 27       		.byte	39
 1090 0425 04       		.byte	4
 1091 0426 94       		.byte	-108
 1092 0427 40       		.byte	64
 1093 0428 9F       		.byte	-97
 1094 0429 04       		.byte	4
 1095 042a B7       		.byte	-73
 1096 042b 04       		.byte	4
 1097 042c C8       		.byte	-56
 1098 042d A0       		.byte	-96
 1099 042e 9C       		.byte	-100
 1100 042f 02       		.byte	2
 1101 0430 B5       		.byte	-75
 1102 0431 02       		.byte	2
 1103 0432 EC       		.byte	-20
 1104 0433 08       		.byte	8
 1105 0434 8C       		.byte	-116
 1106 0435 02       		.byte	2
 1107 0436 9C       		.byte	-100
 1108 0437 02       		.byte	2
 1109 0438 E0       		.byte	-32
 1110 0439 08       		.byte	8
 1111 043a 00       		.byte	0
 1112 043b 02       		.byte	2
 1113 043c 0C       		.byte	12
 1114 043d 02       		.byte	2
 1115 043e 0E       		.byte	14
 1116 043f 02       		.byte	2
 1117 0440 00       		.byte	0
 1118 0441 03       		.byte	3
 1119 0442 10       		.byte	16
 1120 0443 02       		.byte	2
 1121 0444 00       		.byte	0
 1122 0445 00       		.byte	0
 1123 0446 00       		.byte	0
 1124 0447 00       		.byte	0
 1125 0448 00       		.byte	0
 1126 0449 00       		.byte	0
 1127 044a 30       		.byte	48
 1128 044b 00       		.byte	0
 1129 044c 00       		.byte	0
 1130 044d 0B       		.byte	11
 1131 044e 0B       		.byte	11
 1132 044f 00       		.byte	0
 1133 0450 00       		.byte	0
 1134 0451 00       		.byte	0
 1135 0452 00       		.byte	0
 1136 0453 00       		.byte	0
 1137 0454 82       		.byte	-126
 1138 0455 00       		.byte	0
 1139 0456 01       		.byte	1
 1140 0457 F2       		.byte	-14
ARM GAS  C:\Users\saman\AppData\Local\Temp\ccdYvnxo.s 			page 21


 1141 0458 72       		.byte	114
 1142 0459 00       		.byte	0
 1143 045a 02       		.byte	2
 1144 045b 00       		.byte	0
 1145 045c 00       		.byte	0
 1146 045d 00       		.byte	0
 1147 045e 00       		.byte	0
 1148 045f 00       		.byte	0
 1149 0460 BB       		.byte	-69
 1150 0461 00       		.byte	0
 1151 0462 18       		.byte	24
 1152 0463 01       		.byte	1
 1153              		.section	.cywolatch,"a",%progbits
 1154              		.align	2
 1155              		.type	cy_meta_wonvl, %object
 1156              		.size	cy_meta_wonvl, 4
 1157              	cy_meta_wonvl:
 1158 0000 BC       		.byte	-68
 1159 0001 90       		.byte	-112
 1160 0002 AC       		.byte	-84
 1161 0003 AF       		.byte	-81
 1162              		.section	.cycustnvl,"a",%progbits
 1163              		.align	2
 1164              		.type	cy_meta_custnvl, %object
 1165              		.size	cy_meta_custnvl, 4
 1166              	cy_meta_custnvl:
 1167 0000 00       		.byte	0
 1168 0001 00       		.byte	0
 1169 0002 40       		.byte	64
 1170 0003 05       		.byte	5
 1171              		.section	.cymeta,"a",%progbits
 1172              		.align	2
 1173              		.type	cy_metadata, %object
 1174              		.size	cy_metadata, 12
 1175              	cy_metadata:
 1176 0000 00       		.byte	0
 1177 0001 01       		.byte	1
 1178 0002 2E       		.byte	46
 1179 0003 16       		.byte	22
 1180 0004 00       		.byte	0
 1181 0005 69       		.byte	105
 1182 0006 00       		.byte	0
 1183 0007 01       		.byte	1
 1184 0008 00       		.byte	0
 1185 0009 00       		.byte	0
 1186 000a 00       		.byte	0
 1187 000b 00       		.byte	0
 1188              		.section	.cyflashprotect,"a",%progbits
 1189              		.align	2
 1190              		.type	cy_meta_flashprotect, %object
 1191              		.size	cy_meta_flashprotect, 256
 1192              	cy_meta_flashprotect:
 1193 0000 00000000 		.space	256
 1193      00000000 
 1193      00000000 
 1193      00000000 
 1193      00000000 
ARM GAS  C:\Users\saman\AppData\Local\Temp\ccdYvnxo.s 			page 22


 1194              		.text
 1195              	.Letext0:
 1196              		.file 1 "c:\\program files (x86)\\cypress\\psoc creator\\4.4\\psoc creator\\import\\gnu\\arm\\5.4.
 1197              		.file 2 "c:\\program files (x86)\\cypress\\psoc creator\\4.4\\psoc creator\\import\\gnu\\arm\\5.4.
 1198              		.file 3 "Generated_Source\\PSoC5\\cymetadata.c"
 1199              		.section	.debug_info,"",%progbits
 1200              	.Ldebug_info0:
 1201 0000 32010000 		.4byte	0x132
 1202 0004 0400     		.2byte	0x4
 1203 0006 00000000 		.4byte	.Ldebug_abbrev0
 1204 000a 04       		.byte	0x4
 1205 000b 01       		.uleb128 0x1
 1206 000c 87000000 		.4byte	.LASF17
 1207 0010 0C       		.byte	0xc
 1208 0011 E1010000 		.4byte	.LASF18
 1209 0015 16000000 		.4byte	.LASF19
 1210 0019 00000000 		.4byte	.Ldebug_line0
 1211 001d 02       		.uleb128 0x2
 1212 001e 01       		.byte	0x1
 1213 001f 06       		.byte	0x6
 1214 0020 D5010000 		.4byte	.LASF0
 1215 0024 03       		.uleb128 0x3
 1216 0025 00000000 		.4byte	.LASF9
 1217 0029 01       		.byte	0x1
 1218 002a 1D       		.byte	0x1d
 1219 002b 2F000000 		.4byte	0x2f
 1220 002f 02       		.uleb128 0x2
 1221 0030 01       		.byte	0x1
 1222 0031 08       		.byte	0x8
 1223 0032 79000000 		.4byte	.LASF1
 1224 0036 02       		.uleb128 0x2
 1225 0037 02       		.byte	0x2
 1226 0038 05       		.byte	0x5
 1227 0039 C2010000 		.4byte	.LASF2
 1228 003d 02       		.uleb128 0x2
 1229 003e 02       		.byte	0x2
 1230 003f 07       		.byte	0x7
 1231 0040 27010000 		.4byte	.LASF3
 1232 0044 02       		.uleb128 0x2
 1233 0045 04       		.byte	0x4
 1234 0046 05       		.byte	0x5
 1235 0047 CC010000 		.4byte	.LASF4
 1236 004b 02       		.uleb128 0x2
 1237 004c 04       		.byte	0x4
 1238 004d 07       		.byte	0x7
 1239 004e 15010000 		.4byte	.LASF5
 1240 0052 02       		.uleb128 0x2
 1241 0053 08       		.byte	0x8
 1242 0054 05       		.byte	0x5
 1243 0055 B4010000 		.4byte	.LASF6
 1244 0059 02       		.uleb128 0x2
 1245 005a 08       		.byte	0x8
 1246 005b 07       		.byte	0x7
 1247 005c 69010000 		.4byte	.LASF7
 1248 0060 04       		.uleb128 0x4
 1249 0061 04       		.byte	0x4
 1250 0062 05       		.byte	0x5
ARM GAS  C:\Users\saman\AppData\Local\Temp\ccdYvnxo.s 			page 23


 1251 0063 696E7400 		.ascii	"int\000"
 1252 0067 02       		.uleb128 0x2
 1253 0068 04       		.byte	0x4
 1254 0069 07       		.byte	0x7
 1255 006a 5C010000 		.4byte	.LASF8
 1256 006e 03       		.uleb128 0x3
 1257 006f 80010000 		.4byte	.LASF10
 1258 0073 02       		.byte	0x2
 1259 0074 18       		.byte	0x18
 1260 0075 24000000 		.4byte	0x24
 1261 0079 05       		.uleb128 0x5
 1262 007a 91000000 		.4byte	0x91
 1263 007e 8A000000 		.4byte	0x8a
 1264 0082 06       		.uleb128 0x6
 1265 0083 8A000000 		.4byte	0x8a
 1266 0087 6304     		.2byte	0x463
 1267 0089 00       		.byte	0
 1268 008a 02       		.uleb128 0x2
 1269 008b 04       		.byte	0x4
 1270 008c 07       		.byte	0x7
 1271 008d AB010000 		.4byte	.LASF11
 1272 0091 07       		.uleb128 0x7
 1273 0092 6E000000 		.4byte	0x6e
 1274 0096 08       		.uleb128 0x8
 1275 0097 4A010000 		.4byte	.LASF12
 1276 009b 03       		.byte	0x3
 1277 009c 1F       		.byte	0x1f
 1278 009d A7000000 		.4byte	0xa7
 1279 00a1 05       		.uleb128 0x5
 1280 00a2 03       		.byte	0x3
 1281 00a3 00000000 		.4byte	cy_meta_configecc
 1282 00a7 07       		.uleb128 0x7
 1283 00a8 79000000 		.4byte	0x79
 1284 00ac 05       		.uleb128 0x5
 1285 00ad 91000000 		.4byte	0x91
 1286 00b1 BC000000 		.4byte	0xbc
 1287 00b5 09       		.uleb128 0x9
 1288 00b6 8A000000 		.4byte	0x8a
 1289 00ba 03       		.byte	0x3
 1290 00bb 00       		.byte	0
 1291 00bc 08       		.uleb128 0x8
 1292 00bd 3A010000 		.4byte	.LASF13
 1293 00c1 03       		.byte	0x3
 1294 00c2 B9       		.byte	0xb9
 1295 00c3 CD000000 		.4byte	0xcd
 1296 00c7 05       		.uleb128 0x5
 1297 00c8 03       		.byte	0x3
 1298 00c9 00000000 		.4byte	cy_meta_custnvl
 1299 00cd 07       		.uleb128 0x7
 1300 00ce AC000000 		.4byte	0xac
 1301 00d2 08       		.uleb128 0x8
 1302 00d3 9D010000 		.4byte	.LASF14
 1303 00d7 03       		.byte	0x3
 1304 00d8 C7       		.byte	0xc7
 1305 00d9 E3000000 		.4byte	0xe3
 1306 00dd 05       		.uleb128 0x5
 1307 00de 03       		.byte	0x3
ARM GAS  C:\Users\saman\AppData\Local\Temp\ccdYvnxo.s 			page 24


 1308 00df 00000000 		.4byte	cy_meta_wonvl
 1309 00e3 07       		.uleb128 0x7
 1310 00e4 AC000000 		.4byte	0xac
 1311 00e8 05       		.uleb128 0x5
 1312 00e9 91000000 		.4byte	0x91
 1313 00ed F8000000 		.4byte	0xf8
 1314 00f1 09       		.uleb128 0x9
 1315 00f2 8A000000 		.4byte	0x8a
 1316 00f6 FF       		.byte	0xff
 1317 00f7 00       		.byte	0
 1318 00f8 08       		.uleb128 0x8
 1319 00f9 88010000 		.4byte	.LASF15
 1320 00fd 03       		.byte	0x3
 1321 00fe D5       		.byte	0xd5
 1322 00ff 09010000 		.4byte	0x109
 1323 0103 05       		.uleb128 0x5
 1324 0104 03       		.byte	0x3
 1325 0105 00000000 		.4byte	cy_meta_flashprotect
 1326 0109 07       		.uleb128 0x7
 1327 010a E8000000 		.4byte	0xe8
 1328 010e 05       		.uleb128 0x5
 1329 010f 91000000 		.4byte	0x91
 1330 0113 1E010000 		.4byte	0x11e
 1331 0117 09       		.uleb128 0x9
 1332 0118 8A000000 		.4byte	0x8a
 1333 011c 0B       		.byte	0xb
 1334 011d 00       		.byte	0
 1335 011e 0A       		.uleb128 0xa
 1336 011f 0A000000 		.4byte	.LASF16
 1337 0123 03       		.byte	0x3
 1338 0124 0201     		.2byte	0x102
 1339 0126 30010000 		.4byte	0x130
 1340 012a 05       		.uleb128 0x5
 1341 012b 03       		.byte	0x3
 1342 012c 00000000 		.4byte	cy_metadata
 1343 0130 07       		.uleb128 0x7
 1344 0131 0E010000 		.4byte	0x10e
 1345 0135 00       		.byte	0
 1346              		.section	.debug_abbrev,"",%progbits
 1347              	.Ldebug_abbrev0:
 1348 0000 01       		.uleb128 0x1
 1349 0001 11       		.uleb128 0x11
 1350 0002 01       		.byte	0x1
 1351 0003 25       		.uleb128 0x25
 1352 0004 0E       		.uleb128 0xe
 1353 0005 13       		.uleb128 0x13
 1354 0006 0B       		.uleb128 0xb
 1355 0007 03       		.uleb128 0x3
 1356 0008 0E       		.uleb128 0xe
 1357 0009 1B       		.uleb128 0x1b
 1358 000a 0E       		.uleb128 0xe
 1359 000b 10       		.uleb128 0x10
 1360 000c 17       		.uleb128 0x17
 1361 000d 00       		.byte	0
 1362 000e 00       		.byte	0
 1363 000f 02       		.uleb128 0x2
 1364 0010 24       		.uleb128 0x24
ARM GAS  C:\Users\saman\AppData\Local\Temp\ccdYvnxo.s 			page 25


 1365 0011 00       		.byte	0
 1366 0012 0B       		.uleb128 0xb
 1367 0013 0B       		.uleb128 0xb
 1368 0014 3E       		.uleb128 0x3e
 1369 0015 0B       		.uleb128 0xb
 1370 0016 03       		.uleb128 0x3
 1371 0017 0E       		.uleb128 0xe
 1372 0018 00       		.byte	0
 1373 0019 00       		.byte	0
 1374 001a 03       		.uleb128 0x3
 1375 001b 16       		.uleb128 0x16
 1376 001c 00       		.byte	0
 1377 001d 03       		.uleb128 0x3
 1378 001e 0E       		.uleb128 0xe
 1379 001f 3A       		.uleb128 0x3a
 1380 0020 0B       		.uleb128 0xb
 1381 0021 3B       		.uleb128 0x3b
 1382 0022 0B       		.uleb128 0xb
 1383 0023 49       		.uleb128 0x49
 1384 0024 13       		.uleb128 0x13
 1385 0025 00       		.byte	0
 1386 0026 00       		.byte	0
 1387 0027 04       		.uleb128 0x4
 1388 0028 24       		.uleb128 0x24
 1389 0029 00       		.byte	0
 1390 002a 0B       		.uleb128 0xb
 1391 002b 0B       		.uleb128 0xb
 1392 002c 3E       		.uleb128 0x3e
 1393 002d 0B       		.uleb128 0xb
 1394 002e 03       		.uleb128 0x3
 1395 002f 08       		.uleb128 0x8
 1396 0030 00       		.byte	0
 1397 0031 00       		.byte	0
 1398 0032 05       		.uleb128 0x5
 1399 0033 01       		.uleb128 0x1
 1400 0034 01       		.byte	0x1
 1401 0035 49       		.uleb128 0x49
 1402 0036 13       		.uleb128 0x13
 1403 0037 01       		.uleb128 0x1
 1404 0038 13       		.uleb128 0x13
 1405 0039 00       		.byte	0
 1406 003a 00       		.byte	0
 1407 003b 06       		.uleb128 0x6
 1408 003c 21       		.uleb128 0x21
 1409 003d 00       		.byte	0
 1410 003e 49       		.uleb128 0x49
 1411 003f 13       		.uleb128 0x13
 1412 0040 2F       		.uleb128 0x2f
 1413 0041 05       		.uleb128 0x5
 1414 0042 00       		.byte	0
 1415 0043 00       		.byte	0
 1416 0044 07       		.uleb128 0x7
 1417 0045 26       		.uleb128 0x26
 1418 0046 00       		.byte	0
 1419 0047 49       		.uleb128 0x49
 1420 0048 13       		.uleb128 0x13
 1421 0049 00       		.byte	0
ARM GAS  C:\Users\saman\AppData\Local\Temp\ccdYvnxo.s 			page 26


 1422 004a 00       		.byte	0
 1423 004b 08       		.uleb128 0x8
 1424 004c 34       		.uleb128 0x34
 1425 004d 00       		.byte	0
 1426 004e 03       		.uleb128 0x3
 1427 004f 0E       		.uleb128 0xe
 1428 0050 3A       		.uleb128 0x3a
 1429 0051 0B       		.uleb128 0xb
 1430 0052 3B       		.uleb128 0x3b
 1431 0053 0B       		.uleb128 0xb
 1432 0054 49       		.uleb128 0x49
 1433 0055 13       		.uleb128 0x13
 1434 0056 3F       		.uleb128 0x3f
 1435 0057 19       		.uleb128 0x19
 1436 0058 02       		.uleb128 0x2
 1437 0059 18       		.uleb128 0x18
 1438 005a 00       		.byte	0
 1439 005b 00       		.byte	0
 1440 005c 09       		.uleb128 0x9
 1441 005d 21       		.uleb128 0x21
 1442 005e 00       		.byte	0
 1443 005f 49       		.uleb128 0x49
 1444 0060 13       		.uleb128 0x13
 1445 0061 2F       		.uleb128 0x2f
 1446 0062 0B       		.uleb128 0xb
 1447 0063 00       		.byte	0
 1448 0064 00       		.byte	0
 1449 0065 0A       		.uleb128 0xa
 1450 0066 34       		.uleb128 0x34
 1451 0067 00       		.byte	0
 1452 0068 03       		.uleb128 0x3
 1453 0069 0E       		.uleb128 0xe
 1454 006a 3A       		.uleb128 0x3a
 1455 006b 0B       		.uleb128 0xb
 1456 006c 3B       		.uleb128 0x3b
 1457 006d 05       		.uleb128 0x5
 1458 006e 49       		.uleb128 0x49
 1459 006f 13       		.uleb128 0x13
 1460 0070 3F       		.uleb128 0x3f
 1461 0071 19       		.uleb128 0x19
 1462 0072 02       		.uleb128 0x2
 1463 0073 18       		.uleb128 0x18
 1464 0074 00       		.byte	0
 1465 0075 00       		.byte	0
 1466 0076 00       		.byte	0
 1467              		.section	.debug_aranges,"",%progbits
 1468 0000 14000000 		.4byte	0x14
 1469 0004 0200     		.2byte	0x2
 1470 0006 00000000 		.4byte	.Ldebug_info0
 1471 000a 04       		.byte	0x4
 1472 000b 00       		.byte	0
 1473 000c 0000     		.2byte	0
 1474 000e 0000     		.2byte	0
 1475 0010 00000000 		.4byte	0
 1476 0014 00000000 		.4byte	0
 1477              		.section	.debug_line,"",%progbits
 1478              	.Ldebug_line0:
ARM GAS  C:\Users\saman\AppData\Local\Temp\ccdYvnxo.s 			page 27


 1479 0000 3D010000 		.section	.debug_str,"MS",%progbits,1
 1479      02003701 
 1479      00000201 
 1479      FB0E0D00 
 1479      01010101 
 1480              	.LASF9:
 1481 0000 5F5F7569 		.ascii	"__uint8_t\000"
 1481      6E74385F 
 1481      7400
 1482              	.LASF16:
 1483 000a 63795F6D 		.ascii	"cy_metadata\000"
 1483      65746164 
 1483      61746100 
 1484              	.LASF19:
 1485 0016 443A5C68 		.ascii	"D:\\h_da\\sem2\\sdhd\\lab2\\our\\review\\Software_R"
 1485      5F64615C 
 1485      73656D32 
 1485      5C736468 
 1485      645C6C61 
 1486 0042 65766965 		.ascii	"eview_Group_C3\\Software_Review_Group_C3\\SDHD_Lab."
 1486      775F4772 
 1486      6F75705F 
 1486      43335C53 
 1486      6F667477 
 1487 0073 63796473 		.ascii	"cydsn\000"
 1487      6E00
 1488              	.LASF1:
 1489 0079 756E7369 		.ascii	"unsigned char\000"
 1489      676E6564 
 1489      20636861 
 1489      7200
 1490              	.LASF17:
 1491 0087 474E5520 		.ascii	"GNU C11 5.4.1 20160609 (release) [ARM/embedded-5-br"
 1491      43313120 
 1491      352E342E 
 1491      31203230 
 1491      31363036 
 1492 00ba 616E6368 		.ascii	"anch revision 237715] -mcpu=cortex-m3 -mthumb -g -O"
 1492      20726576 
 1492      6973696F 
 1492      6E203233 
 1492      37373135 
 1493 00ed 67202D66 		.ascii	"g -ffunction-sections -ffat-lto-objects\000"
 1493      66756E63 
 1493      74696F6E 
 1493      2D736563 
 1493      74696F6E 
 1494              	.LASF5:
 1495 0115 6C6F6E67 		.ascii	"long unsigned int\000"
 1495      20756E73 
 1495      69676E65 
 1495      6420696E 
 1495      7400
 1496              	.LASF3:
 1497 0127 73686F72 		.ascii	"short unsigned int\000"
 1497      7420756E 
 1497      7369676E 
ARM GAS  C:\Users\saman\AppData\Local\Temp\ccdYvnxo.s 			page 28


 1497      65642069 
 1497      6E7400
 1498              	.LASF13:
 1499 013a 63795F6D 		.ascii	"cy_meta_custnvl\000"
 1499      6574615F 
 1499      63757374 
 1499      6E766C00 
 1500              	.LASF12:
 1501 014a 63795F6D 		.ascii	"cy_meta_configecc\000"
 1501      6574615F 
 1501      636F6E66 
 1501      69676563 
 1501      6300
 1502              	.LASF8:
 1503 015c 756E7369 		.ascii	"unsigned int\000"
 1503      676E6564 
 1503      20696E74 
 1503      00
 1504              	.LASF7:
 1505 0169 6C6F6E67 		.ascii	"long long unsigned int\000"
 1505      206C6F6E 
 1505      6720756E 
 1505      7369676E 
 1505      65642069 
 1506              	.LASF10:
 1507 0180 75696E74 		.ascii	"uint8_t\000"
 1507      385F7400 
 1508              	.LASF15:
 1509 0188 63795F6D 		.ascii	"cy_meta_flashprotect\000"
 1509      6574615F 
 1509      666C6173 
 1509      6870726F 
 1509      74656374 
 1510              	.LASF14:
 1511 019d 63795F6D 		.ascii	"cy_meta_wonvl\000"
 1511      6574615F 
 1511      776F6E76 
 1511      6C00
 1512              	.LASF11:
 1513 01ab 73697A65 		.ascii	"sizetype\000"
 1513      74797065 
 1513      00
 1514              	.LASF6:
 1515 01b4 6C6F6E67 		.ascii	"long long int\000"
 1515      206C6F6E 
 1515      6720696E 
 1515      7400
 1516              	.LASF2:
 1517 01c2 73686F72 		.ascii	"short int\000"
 1517      7420696E 
 1517      7400
 1518              	.LASF4:
 1519 01cc 6C6F6E67 		.ascii	"long int\000"
 1519      20696E74 
 1519      00
 1520              	.LASF0:
 1521 01d5 7369676E 		.ascii	"signed char\000"
ARM GAS  C:\Users\saman\AppData\Local\Temp\ccdYvnxo.s 			page 29


 1521      65642063 
 1521      68617200 
 1522              	.LASF18:
 1523 01e1 47656E65 		.ascii	"Generated_Source\\PSoC5\\cymetadata.c\000"
 1523      72617465 
 1523      645F536F 
 1523      75726365 
 1523      5C50536F 
 1524              		.ident	"GCC: (GNU Tools for ARM Embedded Processors) 5.4.1 20160609 (release) [ARM/embedded-5-bran
