--------------- Rebuild Started: 06/13/2024 12:02:14 Project: SDHD_Lab, Configuration: ARM GCC 5.4-2016-q2-update Debug ---------------
Deleting file ".\CortexM3\ARM_GCC_541\Debug\main.o"
Deleting file ".\CortexM3\ARM_GCC_541\Debug\cyfitter_cfg.o"
Deleting file ".\CortexM3\ARM_GCC_541\Debug\cymetadata.o"
Deleting file ".\CortexM3\ARM_GCC_541\Debug\UART.o"
Deleting file ".\CortexM3\ARM_GCC_541\Debug\UART_PM.o"
Deleting file ".\CortexM3\ARM_GCC_541\Debug\UART_INT.o"
Deleting file ".\CortexM3\ARM_GCC_541\Debug\UART_BOOT.o"
Deleting file ".\CortexM3\ARM_GCC_541\Debug\Green_LED.o"
Deleting file ".\CortexM3\ARM_GCC_541\Debug\Yellow_LED.o"
Deleting file ".\CortexM3\ARM_GCC_541\Debug\Red_LED.o"
Deleting file ".\CortexM3\ARM_GCC_541\Debug\Push_button.o"
Deleting file ".\CortexM3\ARM_GCC_541\Debug\isr_button.o"
Deleting file ".\CortexM3\ARM_GCC_541\Debug\isr_UART.o"
Deleting file ".\CortexM3\ARM_GCC_541\Debug\WaveDAC.o"
Deleting file ".\CortexM3\ARM_GCC_541\Debug\WaveDAC_PM.o"
Deleting file ".\CortexM3\ARM_GCC_541\Debug\ADC.o"
Deleting file ".\CortexM3\ARM_GCC_541\Debug\ADC_PM.o"
Deleting file ".\CortexM3\ARM_GCC_541\Debug\ADC_INT.o"
Deleting file ".\CortexM3\ARM_GCC_541\Debug\ADC_In.o"
Deleting file ".\CortexM3\ARM_GCC_541\Debug\DAC_Out.o"
Deleting file ".\CortexM3\ARM_GCC_541\Debug\UART_IntClock.o"
Deleting file ".\CortexM3\ARM_GCC_541\Debug\WaveDAC_DacClk.o"
Deleting file ".\CortexM3\ARM_GCC_541\Debug\WaveDAC_Wave1_DMA_dma.o"
Deleting file ".\CortexM3\ARM_GCC_541\Debug\WaveDAC_Wave2_DMA_dma.o"
Deleting file ".\CortexM3\ARM_GCC_541\Debug\WaveDAC_VDAC8.o"
Deleting file ".\CortexM3\ARM_GCC_541\Debug\WaveDAC_VDAC8_PM.o"
Deleting file ".\CortexM3\ARM_GCC_541\Debug\ADC_AMux.o"
Deleting file ".\CortexM3\ARM_GCC_541\Debug\ADC_Ext_CP_Clk.o"
Deleting file ".\CortexM3\ARM_GCC_541\Debug\ADC_IRQ.o"
Deleting file ".\CortexM3\ARM_GCC_541\Debug\ADC_theACLK.o"
Deleting file ".\CortexM3\ARM_GCC_541\Debug\Cm3Start.o"
Deleting file ".\CortexM3\ARM_GCC_541\Debug\CyBootAsmGnu.o"
Deleting file ".\CortexM3\ARM_GCC_541\Debug\CyDmac.o"
Deleting file ".\CortexM3\ARM_GCC_541\Debug\CyFlash.o"
Deleting file ".\CortexM3\ARM_GCC_541\Debug\CyLib.o"
Deleting file ".\CortexM3\ARM_GCC_541\Debug\cyPm.o"
Deleting file ".\CortexM3\ARM_GCC_541\Debug\CySpc.o"
Deleting file ".\CortexM3\ARM_GCC_541\Debug\cyutils.o"
Deleting file ".\CortexM3\ARM_GCC_541\Debug\cy_em_eeprom.o"
Deleting file ".\CortexM3\ARM_GCC_541\Debug\SDHD_Lab.hex"
Deleting file ".\CortexM3\ARM_GCC_541\Debug\SDHD_Lab.elf"
Deleting file ".\CortexM3\ARM_GCC_541\Debug\SDHD_Lab.map"
Deleting file ".\SDHD_Lab.cycdx"
Deleting file ".\SDHD_Lab.svd"
Deleting file ".\SDHD_Lab.rpt"
Deleting file ".\SDHD_Lab_timing.html"
Deleting file ".\CortexM3\ARM_GCC_541\Debug\.deps\SOURCE_C__ARM_GCC_GENERIC.P"
Deleting file ".\CortexM3\ARM_GCC_541\Debug\.deps\SOURCE_ASM__ARM_GCC_GENERIC.P"
cydsfit.exe -.appdatapath "C:\Users\saman\AppData\Local\Cypress Semiconductor\PSoC Creator\4.4" -.fdsnotice -.fdswarpdepfile=warp_dependencies.txt -.fdselabdepfile=elab_dependencies.txt -.fdsbldfile=generated_files.txt -.fdsreffile=referenced_files.txt -p D:\h_da\sem2\sdhd\lab2\our\SDHD_Lab.cydsn\SDHD_Lab.cydsn\SDHD_Lab.cyprj -d CY8C5888AXI-LP096 -s D:\h_da\sem2\sdhd\lab2\our\SDHD_Lab.cydsn\SDHD_Lab.cydsn\Generated_Source\PSoC5 -- -yv2 -q10 -ygs -o2 -v3 -.fftcfgtype=LE
Elaborating Design...
HDL Generation...
Synthesis...
Tech Mapping...
Analog Placement...
Info: apr.M0002: Analog signal "\ADC:Net_35\" is connected to one terminal only. (App=cydsfit)
Log: apr.M0058: The analog placement iterative improvement is 23% done. (App=cydsfit)
Log: apr.M0058: The analog placement iterative improvement is 45% done. (App=cydsfit)
Analog Routing...
Analog Code Generation...
Digital Placement...
Digital Routing...
Bitstream Generation...
Bitstream Verification...
Static timing analysis...
API Generation...
Dependency Generation...
Cleanup...
arm-none-eabi-gcc.exe -mcpu=cortex-m3 -mthumb -I.\source -I.\source\fft_application -I. -IGenerated_Source\PSoC5 -Wa,-alh=.\CortexM3\ARM_GCC_541\Debug/main.lst -g -D DEBUG -D CY_CORE_ID=0 -D ARM_MATH_CM3 -Wall -ffunction-sections -ffat-lto-objects -Og -c source\main.c -o .\CortexM3\ARM_GCC_541\Debug\main.o
arm-none-eabi-gcc.exe -mcpu=cortex-m3 -mthumb -I.\source -I.\source\fft_application -I. -IGenerated_Source\PSoC5 -Wa,-alh=.\CortexM3\ARM_GCC_541\Debug/cyfitter_cfg.lst -g -D DEBUG -D CY_CORE_ID=0 -D ARM_MATH_CM3 -Wall -ffunction-sections -ffat-lto-objects -Og -c Generated_Source\PSoC5\cyfitter_cfg.c -o .\CortexM3\ARM_GCC_541\Debug\cyfitter_cfg.o
arm-none-eabi-gcc.exe -mcpu=cortex-m3 -mthumb -I.\source -I.\source\fft_application -I. -IGenerated_Source\PSoC5 -Wa,-alh=.\CortexM3\ARM_GCC_541\Debug/cymetadata.lst -g -D DEBUG -D CY_CORE_ID=0 -D ARM_MATH_CM3 -Wall -ffunction-sections -ffat-lto-objects -Og -c Generated_Source\PSoC5\cymetadata.c -o .\CortexM3\ARM_GCC_541\Debug\cymetadata.o
arm-none-eabi-gcc.exe -mcpu=cortex-m3 -mthumb -I.\source -I.\source\fft_application -I. -IGenerated_Source\PSoC5 -Wa,-alh=.\CortexM3\ARM_GCC_541\Debug/UART.lst -g -D DEBUG -D CY_CORE_ID=0 -D ARM_MATH_CM3 -Wall -ffunction-sections -ffat-lto-objects -Og -c Generated_Source\PSoC5\UART.c -o .\CortexM3\ARM_GCC_541\Debug\UART.o
arm-none-eabi-gcc.exe -mcpu=cortex-m3 -mthumb -I.\source -I.\source\fft_application -I. -IGenerated_Source\PSoC5 -Wa,-alh=.\CortexM3\ARM_GCC_541\Debug/UART_PM.lst -g -D DEBUG -D CY_CORE_ID=0 -D ARM_MATH_CM3 -Wall -ffunction-sections -ffat-lto-objects -Og -c Generated_Source\PSoC5\UART_PM.c -o .\CortexM3\ARM_GCC_541\Debug\UART_PM.o
arm-none-eabi-gcc.exe -mcpu=cortex-m3 -mthumb -I.\source -I.\source\fft_application -I. -IGenerated_Source\PSoC5 -Wa,-alh=.\CortexM3\ARM_GCC_541\Debug/UART_INT.lst -g -D DEBUG -D CY_CORE_ID=0 -D ARM_MATH_CM3 -Wall -ffunction-sections -ffat-lto-objects -Og -c Generated_Source\PSoC5\UART_INT.c -o .\CortexM3\ARM_GCC_541\Debug\UART_INT.o
arm-none-eabi-gcc.exe -mcpu=cortex-m3 -mthumb -I.\source -I.\source\fft_application -I. -IGenerated_Source\PSoC5 -Wa,-alh=.\CortexM3\ARM_GCC_541\Debug/UART_BOOT.lst -g -D DEBUG -D CY_CORE_ID=0 -D ARM_MATH_CM3 -Wall -ffunction-sections -ffat-lto-objects -Og -c Generated_Source\PSoC5\UART_BOOT.c -o .\CortexM3\ARM_GCC_541\Debug\UART_BOOT.o
arm-none-eabi-gcc.exe -mcpu=cortex-m3 -mthumb -I.\source -I.\source\fft_application -I. -IGenerated_Source\PSoC5 -Wa,-alh=.\CortexM3\ARM_GCC_541\Debug/Green_LED.lst -g -D DEBUG -D CY_CORE_ID=0 -D ARM_MATH_CM3 -Wall -ffunction-sections -ffat-lto-objects -Og -c Generated_Source\PSoC5\Green_LED.c -o .\CortexM3\ARM_GCC_541\Debug\Green_LED.o
arm-none-eabi-gcc.exe -mcpu=cortex-m3 -mthumb -I.\source -I.\source\fft_application -I. -IGenerated_Source\PSoC5 -Wa,-alh=.\CortexM3\ARM_GCC_541\Debug/Yellow_LED.lst -g -D DEBUG -D CY_CORE_ID=0 -D ARM_MATH_CM3 -Wall -ffunction-sections -ffat-lto-objects -Og -c Generated_Source\PSoC5\Yellow_LED.c -o .\CortexM3\ARM_GCC_541\Debug\Yellow_LED.o
arm-none-eabi-gcc.exe -mcpu=cortex-m3 -mthumb -I.\source -I.\source\fft_application -I. -IGenerated_Source\PSoC5 -Wa,-alh=.\CortexM3\ARM_GCC_541\Debug/Red_LED.lst -g -D DEBUG -D CY_CORE_ID=0 -D ARM_MATH_CM3 -Wall -ffunction-sections -ffat-lto-objects -Og -c Generated_Source\PSoC5\Red_LED.c -o .\CortexM3\ARM_GCC_541\Debug\Red_LED.o
arm-none-eabi-gcc.exe -mcpu=cortex-m3 -mthumb -I.\source -I.\source\fft_application -I. -IGenerated_Source\PSoC5 -Wa,-alh=.\CortexM3\ARM_GCC_541\Debug/Push_button.lst -g -D DEBUG -D CY_CORE_ID=0 -D ARM_MATH_CM3 -Wall -ffunction-sections -ffat-lto-objects -Og -c Generated_Source\PSoC5\Push_button.c -o .\CortexM3\ARM_GCC_541\Debug\Push_button.o
arm-none-eabi-gcc.exe -mcpu=cortex-m3 -mthumb -I.\source -I.\source\fft_application -I. -IGenerated_Source\PSoC5 -Wa,-alh=.\CortexM3\ARM_GCC_541\Debug/isr_button.lst -g -D DEBUG -D CY_CORE_ID=0 -D ARM_MATH_CM3 -Wall -ffunction-sections -ffat-lto-objects -Og -c Generated_Source\PSoC5\isr_button.c -o .\CortexM3\ARM_GCC_541\Debug\isr_button.o
arm-none-eabi-gcc.exe -mcpu=cortex-m3 -mthumb -I.\source -I.\source\fft_application -I. -IGenerated_Source\PSoC5 -Wa,-alh=.\CortexM3\ARM_GCC_541\Debug/isr_UART.lst -g -D DEBUG -D CY_CORE_ID=0 -D ARM_MATH_CM3 -Wall -ffunction-sections -ffat-lto-objects -Og -c Generated_Source\PSoC5\isr_UART.c -o .\CortexM3\ARM_GCC_541\Debug\isr_UART.o
arm-none-eabi-gcc.exe -mcpu=cortex-m3 -mthumb -I.\source -I.\source\fft_application -I. -IGenerated_Source\PSoC5 -Wa,-alh=.\CortexM3\ARM_GCC_541\Debug/WaveDAC.lst -g -D DEBUG -D CY_CORE_ID=0 -D ARM_MATH_CM3 -Wall -ffunction-sections -ffat-lto-objects -Og -c Generated_Source\PSoC5\WaveDAC.c -o .\CortexM3\ARM_GCC_541\Debug\WaveDAC.o
arm-none-eabi-gcc.exe -mcpu=cortex-m3 -mthumb -I.\source -I.\source\fft_application -I. -IGenerated_Source\PSoC5 -Wa,-alh=.\CortexM3\ARM_GCC_541\Debug/WaveDAC_PM.lst -g -D DEBUG -D CY_CORE_ID=0 -D ARM_MATH_CM3 -Wall -ffunction-sections -ffat-lto-objects -Og -c Generated_Source\PSoC5\WaveDAC_PM.c -o .\CortexM3\ARM_GCC_541\Debug\WaveDAC_PM.o
arm-none-eabi-gcc.exe -mcpu=cortex-m3 -mthumb -I.\source -I.\source\fft_application -I. -IGenerated_Source\PSoC5 -Wa,-alh=.\CortexM3\ARM_GCC_541\Debug/ADC.lst -g -D DEBUG -D CY_CORE_ID=0 -D ARM_MATH_CM3 -Wall -ffunction-sections -ffat-lto-objects -Og -c Generated_Source\PSoC5\ADC.c -o .\CortexM3\ARM_GCC_541\Debug\ADC.o
arm-none-eabi-gcc.exe -mcpu=cortex-m3 -mthumb -I.\source -I.\source\fft_application -I. -IGenerated_Source\PSoC5 -Wa,-alh=.\CortexM3\ARM_GCC_541\Debug/ADC_PM.lst -g -D DEBUG -D CY_CORE_ID=0 -D ARM_MATH_CM3 -Wall -ffunction-sections -ffat-lto-objects -Og -c Generated_Source\PSoC5\ADC_PM.c -o .\CortexM3\ARM_GCC_541\Debug\ADC_PM.o
arm-none-eabi-gcc.exe -mcpu=cortex-m3 -mthumb -I.\source -I.\source\fft_application -I. -IGenerated_Source\PSoC5 -Wa,-alh=.\CortexM3\ARM_GCC_541\Debug/ADC_INT.lst -g -D DEBUG -D CY_CORE_ID=0 -D ARM_MATH_CM3 -Wall -ffunction-sections -ffat-lto-objects -Og -c Generated_Source\PSoC5\ADC_INT.c -o .\CortexM3\ARM_GCC_541\Debug\ADC_INT.o
arm-none-eabi-gcc.exe -mcpu=cortex-m3 -mthumb -I.\source -I.\source\fft_application -I. -IGenerated_Source\PSoC5 -Wa,-alh=.\CortexM3\ARM_GCC_541\Debug/ADC_In.lst -g -D DEBUG -D CY_CORE_ID=0 -D ARM_MATH_CM3 -Wall -ffunction-sections -ffat-lto-objects -Og -c Generated_Source\PSoC5\ADC_In.c -o .\CortexM3\ARM_GCC_541\Debug\ADC_In.o
arm-none-eabi-gcc.exe -mcpu=cortex-m3 -mthumb -I.\source -I.\source\fft_application -I. -IGenerated_Source\PSoC5 -Wa,-alh=.\CortexM3\ARM_GCC_541\Debug/DAC_Out.lst -g -D DEBUG -D CY_CORE_ID=0 -D ARM_MATH_CM3 -Wall -ffunction-sections -ffat-lto-objects -Og -c Generated_Source\PSoC5\DAC_Out.c -o .\CortexM3\ARM_GCC_541\Debug\DAC_Out.o
arm-none-eabi-gcc.exe -mcpu=cortex-m3 -mthumb -I.\source -I.\source\fft_application -I. -IGenerated_Source\PSoC5 -Wa,-alh=.\CortexM3\ARM_GCC_541\Debug/UART_IntClock.lst -g -D DEBUG -D CY_CORE_ID=0 -D ARM_MATH_CM3 -Wall -ffunction-sections -ffat-lto-objects -Og -c Generated_Source\PSoC5\UART_IntClock.c -o .\CortexM3\ARM_GCC_541\Debug\UART_IntClock.o
arm-none-eabi-gcc.exe -mcpu=cortex-m3 -mthumb -I.\source -I.\source\fft_application -I. -IGenerated_Source\PSoC5 -Wa,-alh=.\CortexM3\ARM_GCC_541\Debug/WaveDAC_DacClk.lst -g -D DEBUG -D CY_CORE_ID=0 -D ARM_MATH_CM3 -Wall -ffunction-sections -ffat-lto-objects -Og -c Generated_Source\PSoC5\WaveDAC_DacClk.c -o .\CortexM3\ARM_GCC_541\Debug\WaveDAC_DacClk.o
arm-none-eabi-gcc.exe -mcpu=cortex-m3 -mthumb -I.\source -I.\source\fft_application -I. -IGenerated_Source\PSoC5 -Wa,-alh=.\CortexM3\ARM_GCC_541\Debug/WaveDAC_Wave1_DMA_dma.lst -g -D DEBUG -D CY_CORE_ID=0 -D ARM_MATH_CM3 -Wall -ffunction-sections -ffat-lto-objects -Og -c Generated_Source\PSoC5\WaveDAC_Wave1_DMA_dma.c -o .\CortexM3\ARM_GCC_541\Debug\WaveDAC_Wave1_DMA_dma.o
arm-none-eabi-gcc.exe -mcpu=cortex-m3 -mthumb -I.\source -I.\source\fft_application -I. -IGenerated_Source\PSoC5 -Wa,-alh=.\CortexM3\ARM_GCC_541\Debug/WaveDAC_Wave2_DMA_dma.lst -g -D DEBUG -D CY_CORE_ID=0 -D ARM_MATH_CM3 -Wall -ffunction-sections -ffat-lto-objects -Og -c Generated_Source\PSoC5\WaveDAC_Wave2_DMA_dma.c -o .\CortexM3\ARM_GCC_541\Debug\WaveDAC_Wave2_DMA_dma.o
arm-none-eabi-gcc.exe -mcpu=cortex-m3 -mthumb -I.\source -I.\source\fft_application -I. -IGenerated_Source\PSoC5 -Wa,-alh=.\CortexM3\ARM_GCC_541\Debug/WaveDAC_VDAC8.lst -g -D DEBUG -D CY_CORE_ID=0 -D ARM_MATH_CM3 -Wall -ffunction-sections -ffat-lto-objects -Og -c Generated_Source\PSoC5\WaveDAC_VDAC8.c -o .\CortexM3\ARM_GCC_541\Debug\WaveDAC_VDAC8.o
arm-none-eabi-gcc.exe -mcpu=cortex-m3 -mthumb -I.\source -I.\source\fft_application -I. -IGenerated_Source\PSoC5 -Wa,-alh=.\CortexM3\ARM_GCC_541\Debug/WaveDAC_VDAC8_PM.lst -g -D DEBUG -D CY_CORE_ID=0 -D ARM_MATH_CM3 -Wall -ffunction-sections -ffat-lto-objects -Og -c Generated_Source\PSoC5\WaveDAC_VDAC8_PM.c -o .\CortexM3\ARM_GCC_541\Debug\WaveDAC_VDAC8_PM.o
arm-none-eabi-gcc.exe -mcpu=cortex-m3 -mthumb -I.\source -I.\source\fft_application -I. -IGenerated_Source\PSoC5 -Wa,-alh=.\CortexM3\ARM_GCC_541\Debug/ADC_AMux.lst -g -D DEBUG -D CY_CORE_ID=0 -D ARM_MATH_CM3 -Wall -ffunction-sections -ffat-lto-objects -Og -c Generated_Source\PSoC5\ADC_AMux.c -o .\CortexM3\ARM_GCC_541\Debug\ADC_AMux.o
arm-none-eabi-gcc.exe -mcpu=cortex-m3 -mthumb -I.\source -I.\source\fft_application -I. -IGenerated_Source\PSoC5 -Wa,-alh=.\CortexM3\ARM_GCC_541\Debug/ADC_Ext_CP_Clk.lst -g -D DEBUG -D CY_CORE_ID=0 -D ARM_MATH_CM3 -Wall -ffunction-sections -ffat-lto-objects -Og -c Generated_Source\PSoC5\ADC_Ext_CP_Clk.c -o .\CortexM3\ARM_GCC_541\Debug\ADC_Ext_CP_Clk.o
arm-none-eabi-gcc.exe -mcpu=cortex-m3 -mthumb -I.\source -I.\source\fft_application -I. -IGenerated_Source\PSoC5 -Wa,-alh=.\CortexM3\ARM_GCC_541\Debug/ADC_IRQ.lst -g -D DEBUG -D CY_CORE_ID=0 -D ARM_MATH_CM3 -Wall -ffunction-sections -ffat-lto-objects -Og -c Generated_Source\PSoC5\ADC_IRQ.c -o .\CortexM3\ARM_GCC_541\Debug\ADC_IRQ.o
arm-none-eabi-gcc.exe -mcpu=cortex-m3 -mthumb -I.\source -I.\source\fft_application -I. -IGenerated_Source\PSoC5 -Wa,-alh=.\CortexM3\ARM_GCC_541\Debug/ADC_theACLK.lst -g -D DEBUG -D CY_CORE_ID=0 -D ARM_MATH_CM3 -Wall -ffunction-sections -ffat-lto-objects -Og -c Generated_Source\PSoC5\ADC_theACLK.c -o .\CortexM3\ARM_GCC_541\Debug\ADC_theACLK.o
arm-none-eabi-gcc.exe -mcpu=cortex-m3 -mthumb -I.\source -I.\source\fft_application -I. -IGenerated_Source\PSoC5 -Wa,-alh=.\CortexM3\ARM_GCC_541\Debug/Cm3Start.lst -g -D DEBUG -D CY_CORE_ID=0 -D ARM_MATH_CM3 -Wall -ffunction-sections -ffat-lto-objects -Og -c Generated_Source\PSoC5\Cm3Start.c -o .\CortexM3\ARM_GCC_541\Debug\Cm3Start.o
arm-none-eabi-gcc.exe -mcpu=cortex-m3 -mthumb -I.\source -I.\source\fft_application -I. -IGenerated_Source\PSoC5 -Wa,-alh=.\CortexM3\ARM_GCC_541\Debug/CyDmac.lst -g -D DEBUG -D CY_CORE_ID=0 -D ARM_MATH_CM3 -Wall -ffunction-sections -ffat-lto-objects -Og -c Generated_Source\PSoC5\CyDmac.c -o .\CortexM3\ARM_GCC_541\Debug\CyDmac.o
arm-none-eabi-gcc.exe -mcpu=cortex-m3 -mthumb -I.\source -I.\source\fft_application -I. -IGenerated_Source\PSoC5 -Wa,-alh=.\CortexM3\ARM_GCC_541\Debug/CyFlash.lst -g -D DEBUG -D CY_CORE_ID=0 -D ARM_MATH_CM3 -Wall -ffunction-sections -ffat-lto-objects -Og -c Generated_Source\PSoC5\CyFlash.c -o .\CortexM3\ARM_GCC_541\Debug\CyFlash.o
arm-none-eabi-gcc.exe -mcpu=cortex-m3 -mthumb -I.\source -I.\source\fft_application -I. -IGenerated_Source\PSoC5 -Wa,-alh=.\CortexM3\ARM_GCC_541\Debug/CyLib.lst -g -D DEBUG -D CY_CORE_ID=0 -D ARM_MATH_CM3 -Wall -ffunction-sections -ffat-lto-objects -Og -c Generated_Source\PSoC5\CyLib.c -o .\CortexM3\ARM_GCC_541\Debug\CyLib.o
arm-none-eabi-gcc.exe -mcpu=cortex-m3 -mthumb -I.\source -I.\source\fft_application -I. -IGenerated_Source\PSoC5 -Wa,-alh=.\CortexM3\ARM_GCC_541\Debug/cyPm.lst -g -D DEBUG -D CY_CORE_ID=0 -D ARM_MATH_CM3 -Wall -ffunction-sections -ffat-lto-objects -Og -c Generated_Source\PSoC5\cyPm.c -o .\CortexM3\ARM_GCC_541\Debug\cyPm.o
arm-none-eabi-gcc.exe -mcpu=cortex-m3 -mthumb -I.\source -I.\source\fft_application -I. -IGenerated_Source\PSoC5 -Wa,-alh=.\CortexM3\ARM_GCC_541\Debug/CySpc.lst -g -D DEBUG -D CY_CORE_ID=0 -D ARM_MATH_CM3 -Wall -ffunction-sections -ffat-lto-objects -Og -c Generated_Source\PSoC5\CySpc.c -o .\CortexM3\ARM_GCC_541\Debug\CySpc.o
arm-none-eabi-gcc.exe -mcpu=cortex-m3 -mthumb -I.\source -I.\source\fft_application -I. -IGenerated_Source\PSoC5 -Wa,-alh=.\CortexM3\ARM_GCC_541\Debug/cyutils.lst -g -D DEBUG -D CY_CORE_ID=0 -D ARM_MATH_CM3 -Wall -ffunction-sections -ffat-lto-objects -Og -c Generated_Source\PSoC5\cyutils.c -o .\CortexM3\ARM_GCC_541\Debug\cyutils.o
arm-none-eabi-gcc.exe -mcpu=cortex-m3 -mthumb -I.\source -I.\source\fft_application -I. -IGenerated_Source\PSoC5 -Wa,-alh=.\CortexM3\ARM_GCC_541\Debug/cy_em_eeprom.lst -g -D DEBUG -D CY_CORE_ID=0 -D ARM_MATH_CM3 -Wall -ffunction-sections -ffat-lto-objects -Og -c Generated_Source\PSoC5\cy_em_eeprom.c -o .\CortexM3\ARM_GCC_541\Debug\cy_em_eeprom.o
arm-none-eabi-as.exe -mcpu=cortex-m3 -mthumb -I. -IGenerated_Source\PSoC5 -alh=.\CortexM3\ARM_GCC_541\Debug/CyBootAsmGnu.lst -g -W -o .\CortexM3\ARM_GCC_541\Debug\CyBootAsmGnu.o Generated_Source\PSoC5\CyBootAsmGnu.s
arm-none-eabi-ar.exe -rs .\CortexM3\ARM_GCC_541\Debug\SDHD_Lab.a .\CortexM3\ARM_GCC_541\Debug\UART.o .\CortexM3\ARM_GCC_541\Debug\UART_PM.o .\CortexM3\ARM_GCC_541\Debug\UART_INT.o .\CortexM3\ARM_GCC_541\Debug\UART_BOOT.o .\CortexM3\ARM_GCC_541\Debug\Green_LED.o .\CortexM3\ARM_GCC_541\Debug\Yellow_LED.o .\CortexM3\ARM_GCC_541\Debug\Red_LED.o .\CortexM3\ARM_GCC_541\Debug\Push_button.o .\CortexM3\ARM_GCC_541\Debug\isr_button.o .\CortexM3\ARM_GCC_541\Debug\isr_UART.o .\CortexM3\ARM_GCC_541\Debug\WaveDAC.o .\CortexM3\ARM_GCC_541\Debug\WaveDAC_PM.o .\CortexM3\ARM_GCC_541\Debug\ADC.o .\CortexM3\ARM_GCC_541\Debug\ADC_PM.o .\CortexM3\ARM_GCC_541\Debug\ADC_INT.o .\CortexM3\ARM_GCC_541\Debug\ADC_In.o .\CortexM3\ARM_GCC_541\Debug\DAC_Out.o .\CortexM3\ARM_GCC_541\Debug\UART_IntClock.o .\CortexM3\ARM_GCC_541\Debug\WaveDAC_DacClk.o .\CortexM3\ARM_GCC_541\Debug\WaveDAC_Wave1_DMA_dma.o .\CortexM3\ARM_GCC_541\Debug\WaveDAC_Wave2_DMA_dma.o .\CortexM3\ARM_GCC_541\Debug\WaveDAC_VDAC8.o .\CortexM3\ARM_GCC_541\Debug\WaveDAC_VDAC8_PM.o .\CortexM3\ARM_GCC_541\Debug\ADC_AMux.o .\CortexM3\ARM_GCC_541\Debug\ADC_Ext_CP_Clk.o .\CortexM3\ARM_GCC_541\Debug\ADC_IRQ.o .\CortexM3\ARM_GCC_541\Debug\ADC_theACLK.o .\CortexM3\ARM_GCC_541\Debug\CyDmac.o .\CortexM3\ARM_GCC_541\Debug\CyFlash.o .\CortexM3\ARM_GCC_541\Debug\CyLib.o .\CortexM3\ARM_GCC_541\Debug\cyPm.o .\CortexM3\ARM_GCC_541\Debug\CySpc.o .\CortexM3\ARM_GCC_541\Debug\cyutils.o .\CortexM3\ARM_GCC_541\Debug\cy_em_eeprom.o .\CortexM3\ARM_GCC_541\Debug\CyBootAsmGnu.o
arm-none-eabi-ar.exe: creating .\CortexM3\ARM_GCC_541\Debug\SDHD_Lab.a
arm-none-eabi-gcc.exe -Wl,--start-group -o D:\h_da\sem2\sdhd\lab2\our\SDHD_Lab.cydsn\SDHD_Lab.cydsn\CortexM3\ARM_GCC_541\Debug\SDHD_Lab.elf .\CortexM3\ARM_GCC_541\Debug\main.o .\CortexM3\ARM_GCC_541\Debug\cyfitter_cfg.o .\CortexM3\ARM_GCC_541\Debug\cymetadata.o .\CortexM3\ARM_GCC_541\Debug\Cm3Start.o .\CortexM3\ARM_GCC_541\Debug\SDHD_Lab.a "C:\Program Files (x86)\Cypress\PSoC Creator\4.4\PSoC Creator\psoc\content\cycomponentlibrary\CyComponentLibrary.cylib\CortexM3\ARM_GCC_541\Debug\CyComponentLibrary.a" -mcpu=cortex-m3 -mthumb -l fft_application -L Generated_Source\PSoC5 -L .\source\fft_application -Wl,-Map,.\CortexM3\ARM_GCC_541\Debug/SDHD_Lab.map -T Generated_Source\PSoC5\cm3gcc.ld -specs=nano.specs -Wl,--gc-sections -g -ffunction-sections -Og -ffat-lto-objects -Wl,--end-group
cyelftool.exe -C D:\h_da\sem2\sdhd\lab2\our\SDHD_Lab.cydsn\SDHD_Lab.cydsn\CortexM3\ARM_GCC_541\Debug\SDHD_Lab.elf --flash_row_size 256 --flash_size 262144 --flash_offset 0x00000000
No ELF section .cychecksum found, creating one
Application checksum calculated and stored in ELF section .cychecksum
Checksum calculated and stored in ELF section .cymeta
cyelftool.exe -S D:\h_da\sem2\sdhd\lab2\our\SDHD_Lab.cydsn\SDHD_Lab.cydsn\CortexM3\ARM_GCC_541\Debug\SDHD_Lab.elf
Flash used: 143416 of 262144 bytes (54.7%).
SRAM used: 20897 of 65536 bytes (31.9%). Stack: 2048 bytes. Heap: 8192 bytes.
--------------- Rebuild Succeeded: 06/13/2024 12:02:26 ---------------
